<?xml version="1.0" encoding="UTF-8"?>
<coverage generated="1736765430308" clover="3.2.0">
  <project timestamp="1736765430308" name="All files">
    <metrics statements="4" coveredstatements="4" conditionals="0" coveredconditionals="0" methods="2" coveredmethods="2" elements="6" coveredelements="6" complexity="0" loc="4" ncloc="4" packages="2" files="2" classes="2"/>
    <package name="src">
      <metrics statements="2" coveredstatements="2" conditionals="0" coveredconditionals="0" methods="1" coveredmethods="1"/>
      <file name="sum.js" path="/Users/karanjitsinghrandhawa/Documents/React_learning/src/sum.js">
        <metrics statements="2" coveredstatements="2" conditionals="0" coveredconditionals="0" methods="1" coveredmethods="1"/>
        <line num="1" count="1" type="stmt"/>
        <line num="2" count="1" type="stmt"/>
      </file>
    </package>
    <package name="src.component">
      <metrics statements="2" coveredstatements="2" conditionals="0" coveredconditionals="0" methods="1" coveredmethods="1"/>
      <file name="Contact.js" path="/Users/karanjitsinghrandhawa/Documents/React_learning/src/component/Contact.js">
        <metrics statements="2" coveredstatements="2" conditionals="0" coveredconditionals="0" methods="1" coveredmethods="1"/>
        <line num="1" count="1" type="stmt"/>
        <line num="2" count="4" type="stmt"/>
      </file>
    </package>
  </project>
</coverage>
